# JRE version: Java(TM) SE Runtime Environment (8.0_65-b17) (build 1.8.0_65-b17)
# Java VM: Java HotSpot(TM) 64-Bit Server VM (25.65-b01 mixed mode windows-amd64 compressed oops)
Heap:
 PSYoungGen      total 105472K, used 62677K [0x00000000d6000000, 0x00000000dd080000, 0x0000000100000000)
  eden space 95744K, 63% used [0x00000000d6000000,0x00000000d9b80658,0x00000000dbd80000)
  from space 9728K, 17% used [0x00000000dbd80000,0x00000000dbf35178,0x00000000dc700000)
  to   space 9728K, 0% used [0x00000000dc700000,0x00000000dc700000,0x00000000dd080000)
 ParOldGen       total 51712K, used 21087K [0x0000000082000000, 0x0000000085280000, 0x00000000d6000000)
  object space 51712K, 40% used [0x0000000082000000,0x0000000083497dc8,0x0000000085280000)
 Metaspace       used 40698K, capacity 42494K, committed 42664K, reserved 1087488K
  class space    used 5359K, capacity 5713K, committed 5808K, reserved 1048576K
GC Heap History (10 events):
Event: 22.371 GC heap before
{Heap before GC invocations=12 (full 1):
 PSYoungGen      total 105472K, used 62909K [0x00000000d6000000, 0x00000000dd080000, 0x0000000100000000)
  eden space 95744K, 59% used [0x00000000d6000000,0x00000000d97ee720,0x00000000dbd80000)
  from space 9728K, 57% used [0x00000000dc700000,0x00000000dcc80e28,0x00000000dd080000)
  to   space 9728K, 0% used [0x00000000dbd80000,0x00000000dbd80000,0x00000000dc700000)
 ParOldGen       total 51712K, used 16077K [0x0000000082000000, 0x0000000085280000, 0x00000000d6000000)
  object space 51712K, 31% used [0x0000000082000000,0x0000000082fb36a8,0x0000000085280000)
 Metaspace       used 33699K, capacity 35322K, committed 35496K, reserved 1079296K
  class space    used 4446K, capacity 4769K, committed 4784K, reserved 1048576K
Event: 22.384 GC heap after
Heap after GC invocations=12 (full 1):
 PSYoungGen      total 105472K, used 5682K [0x00000000d6000000, 0x00000000dd080000, 0x0000000100000000)
  eden space 95744K, 0% used [0x00000000d6000000,0x00000000d6000000,0x00000000dbd80000)
  from space 9728K, 58% used [0x00000000dbd80000,0x00000000dc30ca08,0x00000000dc700000)
  to   space 9728K, 0% used [0x00000000dc700000,0x00000000dc700000,0x00000000dd080000)
 ParOldGen       total 51712K, used 20149K [0x0000000082000000, 0x0000000085280000, 0x00000000d6000000)
  object space 51712K, 38% used [0x0000000082000000,0x00000000833ad6c8,0x0000000085280000)
 Metaspace       used 33699K, capacity 35322K, committed 35496K, reserved 1079296K
  class space    used 4446K, capacity 4769K, committed 4784K, reserved 1048576K
}
Event: 22.384 GC heap before
{Heap before GC invocations=13 (full 2):
 PSYoungGen      total 105472K, used 5682K [0x00000000d6000000, 0x00000000dd080000, 0x0000000100000000)
  eden space 95744K, 0% used [0x00000000d6000000,0x00000000d6000000,0x00000000dbd80000)
  from space 9728K, 58% used [0x00000000dbd80000,0x00000000dc30ca08,0x00000000dc700000)
  to   space 9728K, 0% used [0x00000000dc700000,0x00000000dc700000,0x00000000dd080000)
 ParOldGen       total 51712K, used 20149K [0x0000000082000000, 0x0000000085280000, 0x00000000d6000000)
  object space 51712K, 38% used [0x0000000082000000,0x00000000833ad6c8,0x0000000085280000)
 Metaspace       used 33699K, capacity 35322K, committed 35496K, reserved 1079296K
  class space    used 4446K, capacity 4769K, committed 4784K, reserved 1048576K
Event: 22.524 GC heap after
Heap after GC invocations=13 (full 2):
 PSYoungGen      total 105472K, used 0K [0x00000000d6000000, 0x00000000dd080000, 0x0000000100000000)
  eden space 95744K, 0% used [0x00000000d6000000,0x00000000d6000000,0x00000000dbd80000)
  from space 9728K, 0% used [0x00000000dbd80000,0x00000000dbd80000,0x00000000dc700000)
  to   space 9728K, 0% used [0x00000000dc700000,0x00000000dc700000,0x00000000dd080000)
 ParOldGen       total 51712K, used 19297K [0x0000000082000000, 0x0000000085280000, 0x00000000d6000000)
  object space 51712K, 37% used [0x0000000082000000,0x00000000832d8690,0x0000000085280000)
 Metaspace       used 33699K, capacity 35322K, committed 35496K, reserved 1079296K
  class space    used 4446K, capacity 4769K, committed 4784K, reserved 1048576K
}
Event: 23.357 GC heap before
{Heap before GC invocations=14 (full 2):
 PSYoungGen      total 105472K, used 65759K [0x00000000d6000000, 0x00000000dd080000, 0x0000000100000000)
  eden space 95744K, 68% used [0x00000000d6000000,0x00000000da037d78,0x00000000dbd80000)
  from space 9728K, 0% used [0x00000000dbd80000,0x00000000dbd80000,0x00000000dc700000)
  to   space 9728K, 0% used [0x00000000dc700000,0x00000000dc700000,0x00000000dd080000)
 ParOldGen       total 51712K, used 19297K [0x0000000082000000, 0x0000000085280000, 0x00000000d6000000)
  object space 51712K, 37% used [0x0000000082000000,0x00000000832d8690,0x0000000085280000)
 Metaspace       used 36993K, capacity 38666K, committed 38824K, reserved 1087488K
  class space    used 4861K, capacity 5179K, committed 5296K, reserved 1048576K
Event: 23.363 GC heap after
Heap after GC invocations=14 (full 2):
 PSYoungGen      total 105472K, used 3591K [0x00000000d6000000, 0x00000000dd080000, 0x0000000100000000)
  eden space 95744K, 0% used [0x00000000d6000000,0x00000000d6000000,0x00000000dbd80000)
  from space 9728K, 36% used [0x00000000dc700000,0x00000000dca81c70,0x00000000dd080000)
  to   space 9728K, 0% used [0x00000000dbd80000,0x00000000dbd80000,0x00000000dc700000)
 ParOldGen       total 51712K, used 19305K [0x0000000082000000, 0x0000000085280000, 0x00000000d6000000)
  object space 51712K, 37% used [0x0000000082000000,0x00000000832da690,0x0000000085280000)
 Metaspace       used 36993K, capacity 38666K, committed 38824K, reserved 1087488K
  class space    used 4861K, capacity 5179K, committed 5296K, reserved 1048576K
}
Event: 23.363 GC heap before
{Heap before GC invocations=15 (full 3):
 PSYoungGen      total 105472K, used 3591K [0x00000000d6000000, 0x00000000dd080000, 0x0000000100000000)
  eden space 95744K, 0% used [0x00000000d6000000,0x00000000d6000000,0x00000000dbd80000)
  from space 9728K, 36% used [0x00000000dc700000,0x00000000dca81c70,0x00000000dd080000)
  to   space 9728K, 0% used [0x00000000dbd80000,0x00000000dbd80000,0x00000000dc700000)
 ParOldGen       total 51712K, used 19305K [0x0000000082000000, 0x0000000085280000, 0x00000000d6000000)
  object space 51712K, 37% used [0x0000000082000000,0x00000000832da690,0x0000000085280000)
 Metaspace       used 36993K, capacity 38666K, committed 38824K, reserved 1087488K
  class space    used 4861K, capacity 5179K, committed 5296K, reserved 1048576K
Event: 23.728 GC heap after
Heap after GC invocations=15 (full 3):
 PSYoungGen      total 105472K, used 0K [0x00000000d6000000, 0x00000000dd080000, 0x0000000100000000)
  eden space 95744K, 0% used [0x00000000d6000000,0x00000000d6000000,0x00000000dbd80000)
  from space 9728K, 0% used [0x00000000dc700000,0x00000000dc700000,0x00000000dd080000)
  to   space 9728K, 0% used [0x00000000dbd80000,0x00000000dbd80000,0x00000000dc700000)
 ParOldGen       total 51712K, used 21079K [0x0000000082000000, 0x0000000085280000, 0x00000000d6000000)
  object space 51712K, 40% used [0x0000000082000000,0x0000000083495dc8,0x0000000085280000)
 Metaspace       used 36993K, capacity 38666K, committed 38824K, reserved 1085440K
  class space    used 4861K, capacity 5179K, committed 5296K, reserved 1048576K
}
Event: 24.581 GC heap before
{Heap before GC invocations=16 (full 3):
 PSYoungGen      total 105472K, used 95744K [0x00000000d6000000, 0x00000000dd080000, 0x0000000100000000)
  eden space 95744K, 100% used [0x00000000d6000000,0x00000000dbd80000,0x00000000dbd80000)
  from space 9728K, 0% used [0x00000000dc700000,0x00000000dc700000,0x00000000dd080000)
  to   space 9728K, 0% used [0x00000000dbd80000,0x00000000dbd80000,0x00000000dc700000)
 ParOldGen       total 51712K, used 21079K [0x0000000082000000, 0x0000000085280000, 0x00000000d6000000)
  object space 51712K, 40% used [0x0000000082000000,0x0000000083495dc8,0x0000000085280000)
 Metaspace       used 37838K, capacity 39506K, committed 39720K, reserved 1085440K
  class space    used 4985K, capacity 5321K, committed 5424K, reserved 1048576K
Event: 24.585 GC heap after
Heap after GC invocations=16 (full 3):
 PSYoungGen      total 105472K, used 1748K [0x00000000d6000000, 0x00000000dd080000, 0x0000000100000000)
  eden space 95744K, 0% used [0x00000000d6000000,0x00000000d6000000,0x00000000dbd80000)
  from space 9728K, 17% used [0x00000000dbd80000,0x00000000dbf35178,0x00000000dc700000)
  to   space 9728K, 0% used [0x00000000dc700000,0x00000000dc700000,0x00000000dd080000)
 ParOldGen       total 51712K, used 21087K [0x0000000082000000, 0x0000000085280000, 0x00000000d6000000)
  object space 51712K, 40% used [0x0000000082000000,0x0000000083497dc8,0x0000000085280000)
 Metaspace       used 37838K, capacity 39506K, committed 39720K, reserved 1085440K
  class space    used 4985K, capacity 5321K, committed 5424K, reserved 1048576K
}

